[debug] [2023-09-27T12:26:15.234Z] ----------------------------------------------------------------------
[debug] [2023-09-27T12:26:15.235Z] Command:       /usr/local/bin/node /usr/local/bin/firebase init
[debug] [2023-09-27T12:26:15.235Z] CLI Version:   12.4.7
[debug] [2023-09-27T12:26:15.235Z] Platform:      darwin
[debug] [2023-09-27T12:26:15.235Z] Node Version:  v18.17.1
[debug] [2023-09-27T12:26:15.238Z] Time:          Wed Sep 27 2023 08:26:15 GMT-0400 (Eastern Daylight Time)
[debug] [2023-09-27T12:26:15.239Z] ----------------------------------------------------------------------
[debug] 
[debug] [2023-09-27T12:26:15.240Z] >>> [apiv2][query] GET https://firebase-public.firebaseio.com/cli.json [none]
[debug] [2023-09-27T12:26:15.262Z] > command requires scopes: ["email","openid","https://www.googleapis.com/auth/cloudplatformprojects.readonly","https://www.googleapis.com/auth/firebase","https://www.googleapis.com/auth/cloud-platform"]
[debug] [2023-09-27T12:26:15.262Z] > authorizing via signed-in user (info@dosbranding.com)
[info] 
     ######## #### ########  ######## ########     ###     ######  ########
     ##        ##  ##     ## ##       ##     ##  ##   ##  ##       ##
     ######    ##  ########  ######   ########  #########  ######  ######
     ##        ##  ##    ##  ##       ##     ## ##     ##       ## ##
     ##       #### ##     ## ######## ########  ##     ##  ######  ########

You're about to initialize a Firebase project in this directory:

  /Users/dosbrandingcreative/Library/CloudStorage/OneDrive-Personal/htdocs/FreeCodeCampDemos/b5portfolio

[debug] [2023-09-27T12:26:15.447Z] <<< [apiv2][status] GET https://firebase-public.firebaseio.com/cli.json 200
[debug] [2023-09-27T12:26:15.447Z] <<< [apiv2][body] GET https://firebase-public.firebaseio.com/cli.json {"cloudBuildErrorAfter":1594252800000,"cloudBuildWarnAfter":1590019200000,"defaultNode10After":1594252800000,"minVersion":"3.0.5","node8DeploysDisabledAfter":1613390400000,"node8RuntimeDisabledAfter":1615809600000,"node8WarnAfter":1600128000000}
[info] 
=== Project Setup
[info] 
[info] First, let's associate this project directory with a Firebase project.
[info] You can create multiple project aliases by running firebase use --add, 
[info] but for now we'll just set up a default project.
[info] 
[debug] [2023-09-27T12:26:40.292Z] > refreshing access token with scopes: []
[debug] [2023-09-27T12:26:40.293Z] >>> [apiv2][query] POST https://www.googleapis.com/oauth2/v3/token [none]
[debug] [2023-09-27T12:26:40.293Z] >>> [apiv2][body] POST https://www.googleapis.com/oauth2/v3/token [omitted]
[debug] [2023-09-27T12:26:40.510Z] <<< [apiv2][status] POST https://www.googleapis.com/oauth2/v3/token 200
[debug] [2023-09-27T12:26:40.510Z] <<< [apiv2][body] POST https://www.googleapis.com/oauth2/v3/token [omitted]
[debug] [2023-09-27T12:26:40.520Z] >>> [apiv2][query] GET https://firebase.googleapis.com/v1beta1/projects pageSize=100
[debug] [2023-09-27T12:26:41.084Z] <<< [apiv2][status] GET https://firebase.googleapis.com/v1beta1/projects 200
[debug] [2023-09-27T12:26:41.084Z] <<< [apiv2][body] GET https://firebase.googleapis.com/v1beta1/projects [omitted]
[info] i  Using project startbootstrap-dostesting (Dostesting-Sites) 
[info] 
=== Firestore Setup
[debug] [2023-09-27T12:26:49.884Z] >>> [apiv2][query] GET https://serviceusage.googleapis.com/v1/projects/startbootstrap-dostesting/services/firestore.googleapis.com [none]
[debug] [2023-09-27T12:26:49.884Z] >>> [apiv2][(partial)header] GET https://serviceusage.googleapis.com/v1/projects/startbootstrap-dostesting/services/firestore.googleapis.com x-goog-quota-user=projects/startbootstrap-dostesting
[debug] [2023-09-27T12:26:50.283Z] <<< [apiv2][status] GET https://serviceusage.googleapis.com/v1/projects/startbootstrap-dostesting/services/firestore.googleapis.com 200
[debug] [2023-09-27T12:26:50.283Z] <<< [apiv2][body] GET https://serviceusage.googleapis.com/v1/projects/startbootstrap-dostesting/services/firestore.googleapis.com [omitted]
[debug] [2023-09-27T12:26:50.283Z] >>> [apiv2][query] GET https://firestore.googleapis.com/v1/projects/startbootstrap-dostesting/databases/(default) [none]
[debug] [2023-09-27T12:26:50.511Z] <<< [apiv2][status] GET https://firestore.googleapis.com/v1/projects/startbootstrap-dostesting/databases/(default) 200
[debug] [2023-09-27T12:26:50.511Z] <<< [apiv2][body] GET https://firestore.googleapis.com/v1/projects/startbootstrap-dostesting/databases/(default) {"name":"projects/startbootstrap-dostesting/databases/(default)","uid":"c36ec566-c10f-49ee-8b3d-d1db5724fd1d","createTime":"2019-06-16T18:32:11.435Z","updateTime":"2021-12-14T02:55:47.232097Z","locationId":"us-east1","type":"FIRESTORE_NATIVE","concurrencyMode":"PESSIMISTIC","versionRetentionPeriod":"3600s","earliestVersionTime":"2023-09-27T11:26:50.506900Z","appEngineIntegrationMode":"ENABLED","keyPrefix":"p","pointInTimeRecoveryEnablement":"POINT_IN_TIME_RECOVERY_DISABLED","deleteProtectionState":"DELETE_PROTECTION_DISABLED","etag":"IKzcnPLkyoEDMIPkv//xnIED"}
[debug] [2023-09-27T12:26:50.511Z] database_type: FIRESTORE_NATIVE
[debug] [2023-09-27T12:26:50.512Z] > command requires scopes: ["email","openid","https://www.googleapis.com/auth/cloudplatformprojects.readonly","https://www.googleapis.com/auth/firebase","https://www.googleapis.com/auth/cloud-platform"]
[debug] [2023-09-27T12:26:50.512Z] > authorizing via signed-in user (info@dosbranding.com)
[debug] [2023-09-27T12:26:50.512Z] [iam] checking project startbootstrap-dostesting for permissions ["firebase.projects.get"]
[debug] [2023-09-27T12:26:50.512Z] >>> [apiv2][query] POST https://cloudresourcemanager.googleapis.com/v1/projects/startbootstrap-dostesting:testIamPermissions [none]
[debug] [2023-09-27T12:26:50.512Z] >>> [apiv2][(partial)header] POST https://cloudresourcemanager.googleapis.com/v1/projects/startbootstrap-dostesting:testIamPermissions x-goog-quota-user=projects/startbootstrap-dostesting
[debug] [2023-09-27T12:26:50.512Z] >>> [apiv2][body] POST https://cloudresourcemanager.googleapis.com/v1/projects/startbootstrap-dostesting:testIamPermissions {"permissions":["firebase.projects.get"]}
[debug] [2023-09-27T12:26:50.671Z] <<< [apiv2][status] POST https://cloudresourcemanager.googleapis.com/v1/projects/startbootstrap-dostesting:testIamPermissions 200
[debug] [2023-09-27T12:26:50.671Z] <<< [apiv2][body] POST https://cloudresourcemanager.googleapis.com/v1/projects/startbootstrap-dostesting:testIamPermissions {"permissions":["firebase.projects.get"]}
[info] 
[info] Firestore Security Rules allow you to define how and when to allow
[info] requests. You can keep these rules in your project directory
[info] and publish them with firebase deploy.
[info] 
[debug] [2023-09-27T12:26:52.350Z] >>> [apiv2][query] GET https://firebaserules.googleapis.com/v1/projects/startbootstrap-dostesting/releases pageSize=10&pageToken=
[debug] [2023-09-27T12:26:52.591Z] <<< [apiv2][status] GET https://firebaserules.googleapis.com/v1/projects/startbootstrap-dostesting/releases 200
[debug] [2023-09-27T12:26:52.591Z] <<< [apiv2][body] GET https://firebaserules.googleapis.com/v1/projects/startbootstrap-dostesting/releases {"releases":[{"name":"projects/startbootstrap-dostesting/releases/cloud.firestore","rulesetName":"projects/startbootstrap-dostesting/rulesets/128b0c6d-a98a-40bc-95d7-0fe42e6894ad","createTime":"2020-03-18T16:53:23.746900Z","updateTime":"2023-09-21T17:35:14.868626Z"},{"name":"projects/startbootstrap-dostesting/releases/firebase.storage/startbootstrap-dostesting.appspot.com","rulesetName":"projects/startbootstrap-dostesting/rulesets/d37dc791-9b46-4cee-8e3c-99e0d67f3b8f","createTime":"2020-03-18T16:53:12.535206Z","updateTime":"2023-09-21T22:49:59.395882Z"}]}
[debug] [2023-09-27T12:26:52.592Z] Found ruleset: projects/startbootstrap-dostesting/rulesets/128b0c6d-a98a-40bc-95d7-0fe42e6894ad
[debug] [2023-09-27T12:26:52.592Z] >>> [apiv2][query] GET https://firebaserules.googleapis.com/v1/projects/startbootstrap-dostesting/rulesets/128b0c6d-a98a-40bc-95d7-0fe42e6894ad [none]
[debug] [2023-09-27T12:26:52.801Z] <<< [apiv2][status] GET https://firebaserules.googleapis.com/v1/projects/startbootstrap-dostesting/rulesets/128b0c6d-a98a-40bc-95d7-0fe42e6894ad 200
[debug] [2023-09-27T12:26:52.801Z] <<< [apiv2][body] GET https://firebaserules.googleapis.com/v1/projects/startbootstrap-dostesting/rulesets/128b0c6d-a98a-40bc-95d7-0fe42e6894ad [omitted]
[info] 
[info] Firestore indexes allow you to perform complex queries while
[info] maintaining performance that scales with the size of the result
[info] set. You can keep index definitions in your project directory
[info] and publish them with firebase deploy.
[info] 
[debug] [2023-09-27T12:26:53.813Z] >>> [apiv2][query] GET https://firestore.googleapis.com/v1/projects/startbootstrap-dostesting/databases/(default)/collectionGroups/-/indexes [none]
[debug] [2023-09-27T12:26:53.816Z] >>> [apiv2][query] GET https://firestore.googleapis.com/v1/projects/startbootstrap-dostesting/databases/(default)/collectionGroups/-/fields?filter=indexConfig.usesAncestorConfig=false OR ttlConfig:* [none]
[debug] [2023-09-27T12:26:54.026Z] <<< [apiv2][status] GET https://firestore.googleapis.com/v1/projects/startbootstrap-dostesting/databases/(default)/collectionGroups/-/fields?filter=indexConfig.usesAncestorConfig=false OR ttlConfig:* 200
[debug] [2023-09-27T12:26:54.027Z] <<< [apiv2][body] GET https://firestore.googleapis.com/v1/projects/startbootstrap-dostesting/databases/(default)/collectionGroups/-/fields?filter=indexConfig.usesAncestorConfig=false OR ttlConfig:* {"fields":[{"name":"projects/startbootstrap-dostesting/databases/(default)/collectionGroups/__default__/fields/*","indexConfig":{"indexes":[{"queryScope":"COLLECTION","fields":[{"fieldPath":"*","order":"ASCENDING"}],"state":"READY"},{"queryScope":"COLLECTION","fields":[{"fieldPath":"*","order":"DESCENDING"}],"state":"READY"},{"queryScope":"COLLECTION","fields":[{"fieldPath":"*","arrayConfig":"CONTAINS"}],"state":"READY"}]}}]}
[debug] [2023-09-27T12:26:54.030Z] <<< [apiv2][status] GET https://firestore.googleapis.com/v1/projects/startbootstrap-dostesting/databases/(default)/collectionGroups/-/indexes 200
[debug] [2023-09-27T12:26:54.030Z] <<< [apiv2][body] GET https://firestore.googleapis.com/v1/projects/startbootstrap-dostesting/databases/(default)/collectionGroups/-/indexes {}
[info] 
=== Functions Setup
[debug] [2023-09-27T12:26:54.032Z] > command requires scopes: ["email","openid","https://www.googleapis.com/auth/cloudplatformprojects.readonly","https://www.googleapis.com/auth/firebase","https://www.googleapis.com/auth/cloud-platform"]
[debug] [2023-09-27T12:26:54.032Z] > authorizing via signed-in user (info@dosbranding.com)
[debug] [2023-09-27T12:26:54.032Z] [iam] checking project startbootstrap-dostesting for permissions ["firebase.projects.get"]
[debug] [2023-09-27T12:26:54.032Z] >>> [apiv2][query] POST https://cloudresourcemanager.googleapis.com/v1/projects/startbootstrap-dostesting:testIamPermissions [none]
[debug] [2023-09-27T12:26:54.032Z] >>> [apiv2][(partial)header] POST https://cloudresourcemanager.googleapis.com/v1/projects/startbootstrap-dostesting:testIamPermissions x-goog-quota-user=projects/startbootstrap-dostesting
[debug] [2023-09-27T12:26:54.032Z] >>> [apiv2][body] POST https://cloudresourcemanager.googleapis.com/v1/projects/startbootstrap-dostesting:testIamPermissions {"permissions":["firebase.projects.get"]}
[debug] [2023-09-27T12:26:54.205Z] <<< [apiv2][status] POST https://cloudresourcemanager.googleapis.com/v1/projects/startbootstrap-dostesting:testIamPermissions 200
[debug] [2023-09-27T12:26:54.205Z] <<< [apiv2][body] POST https://cloudresourcemanager.googleapis.com/v1/projects/startbootstrap-dostesting:testIamPermissions {"permissions":["firebase.projects.get"]}
[debug] [2023-09-27T12:26:54.206Z] >>> [apiv2][query] GET https://serviceusage.googleapis.com/v1/projects/startbootstrap-dostesting/services/cloudfunctions.googleapis.com [none]
[debug] [2023-09-27T12:26:54.206Z] >>> [apiv2][(partial)header] GET https://serviceusage.googleapis.com/v1/projects/startbootstrap-dostesting/services/cloudfunctions.googleapis.com x-goog-quota-user=projects/startbootstrap-dostesting
[debug] [2023-09-27T12:26:54.208Z] >>> [apiv2][query] GET https://serviceusage.googleapis.com/v1/projects/startbootstrap-dostesting/services/runtimeconfig.googleapis.com [none]
[debug] [2023-09-27T12:26:54.208Z] >>> [apiv2][(partial)header] GET https://serviceusage.googleapis.com/v1/projects/startbootstrap-dostesting/services/runtimeconfig.googleapis.com x-goog-quota-user=projects/startbootstrap-dostesting
[debug] [2023-09-27T12:26:54.585Z] <<< [apiv2][status] GET https://serviceusage.googleapis.com/v1/projects/startbootstrap-dostesting/services/runtimeconfig.googleapis.com 200
[debug] [2023-09-27T12:26:54.585Z] <<< [apiv2][body] GET https://serviceusage.googleapis.com/v1/projects/startbootstrap-dostesting/services/runtimeconfig.googleapis.com [omitted]
[debug] [2023-09-27T12:26:54.596Z] <<< [apiv2][status] GET https://serviceusage.googleapis.com/v1/projects/startbootstrap-dostesting/services/cloudfunctions.googleapis.com 200
[debug] [2023-09-27T12:26:54.596Z] <<< [apiv2][body] GET https://serviceusage.googleapis.com/v1/projects/startbootstrap-dostesting/services/cloudfunctions.googleapis.com [omitted]
[info] Let's create a new codebase for your functions.
[info] A directory corresponding to the codebase will be created in your project
[info] with sample code pre-configured.

[info] See https://firebase.google.com/docs/functions/organize-functions for
[info] more information on organizing your functions using codebases.

[info] Functions can be deployed with firebase deploy.

[info] ✔  Wrote functions/package.json 
[info] ✔  Wrote functions/.eslintrc.js 
[info] ✔  Wrote functions/index.js 
[info] ✔  Wrote functions/.gitignore 
[info] 
=== Hosting Setup
[info] 
[info] Your public directory is the folder (relative to your project directory) that
[info] will contain Hosting assets to be uploaded with firebase deploy. If you
[info] have a build process for your assets, use your build's output directory.
[info] 
[info] ✔  Wrote public/404.html 
[debug] [2023-09-27T12:27:21.599Z] >>> [apiv2][query] GET https://www.gstatic.com/firebasejs/releases.json [none]
[debug] [2023-09-27T12:27:21.818Z] <<< [apiv2][status] GET https://www.gstatic.com/firebasejs/releases.json 200
[debug] [2023-09-27T12:27:21.819Z] <<< [apiv2][body] GET https://www.gstatic.com/firebasejs/releases.json {"current":{"version":"10.4.0","browserURL":"https://www.gstatic.com/firebasejs/10.4.0/firebase.js","packageURL":"https://www.gstatic.com/firebasejs/10.4.0/firebase.tgz"},"live":{"version":"10.4","browserURL":"https://www.gstatic.com/firebasejs/live/10.4/firebase.js","packageURL":"https://www.gstatic.com/firebasejs/live/10.4/firebase.tgz"},"components":{"analytics":"https://www.gstatic.com/firebasejs/10.4.0/firebase-analytics.js","app":"https://www.gstatic.com/firebasejs/10.4.0/firebase-app.js","app-check":"https://www.gstatic.com/firebasejs/10.4.0/firebase-app-check.js","auth":"https://www.gstatic.com/firebasejs/10.4.0/firebase-auth.js","auth/cordova":"https://www.gstatic.com/firebasejs/10.4.0/firebase-auth/cordova.js","functions":"https://www.gstatic.com/firebasejs/10.4.0/firebase-functions.js","firestore":"https://www.gstatic.com/firebasejs/10.4.0/firebase-firestore.js","firestore/lite":"https://www.gstatic.com/firebasejs/10.4.0/firebase-firestore/lite.js","installations":"https://www.gstatic.com/firebasejs/10.4.0/firebase-installations.js","storage":"https://www.gstatic.com/firebasejs/10.4.0/firebase-storage.js","performance":"https://www.gstatic.com/firebasejs/10.4.0/firebase-performance.js","remote-config":"https://www.gstatic.com/firebasejs/10.4.0/firebase-remote-config.js","messaging":"https://www.gstatic.com/firebasejs/10.4.0/firebase-messaging.js","messaging/sw":"https://www.gstatic.com/firebasejs/10.4.0/firebase-messaging/sw.js","database":"https://www.gstatic.com/firebasejs/10.4.0/firebase-database.js","firestore.memory":"https://www.gstatic.com/firebasejs/10.4.0/firebase-firestore.memory.js"}}
[info] i  Skipping write of public/index.html 
[info] 
[info] i  Didn't detect a .git folder. Assuming /Users/dosbrandingcreative/Library/CloudStorage/OneDrive-Personal/htdocs/FreeCodeCampDemos/b5portfolio is the project root. 
[info] i  Authorizing with GitHub to upload your service account to a GitHub repository's secrets store. 
[info] 
[info] Visit this URL on this device to log in:
[info] https://github.com/login/oauth/authorize?client_id=89cf50f02ac6aaed3484&state=308453149&redirect_uri=http%3A%2F%2Flocalhost%3A9005&scope=read%3Auser%20repo%20public_repo
[info] 
[info] Waiting for authentication...
[debug] [2023-09-27T12:27:31.426Z] >>> [apiv2][query] POST https://github.com/login/oauth/access_token [none]
[debug] [2023-09-27T12:27:31.427Z] >>> [apiv2][body] POST https://github.com/login/oauth/access_token [stream]
[debug] [2023-09-27T12:27:31.688Z] <<< [apiv2][status] POST https://github.com/login/oauth/access_token 200
[debug] [2023-09-27T12:27:31.688Z] <<< [apiv2][body] POST https://github.com/login/oauth/access_token {"access_token":"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","token_type":"bearer","scope":"read:user,repo"}
[debug] [2023-09-27T12:27:31.701Z] >>> [apiv2][query] GET https://api.github.com/user [none]
[debug] [2023-09-27T12:27:31.883Z] <<< [apiv2][status] GET https://api.github.com/user 200
[debug] [2023-09-27T12:27:31.883Z] <<< [apiv2][body] GET https://api.github.com/user {"login":"JamesVanWaza","id":4000076,"node_id":"MDQ6VXNlcjQwMDAwNzY=","avatar_url":"https://avatars.githubusercontent.com/u/4000076?v=4","gravatar_id":"","url":"https://api.github.com/users/JamesVanWaza","html_url":"https://github.com/JamesVanWaza","followers_url":"https://api.github.com/users/JamesVanWaza/followers","following_url":"https://api.github.com/users/JamesVanWaza/following{/other_user}","gists_url":"https://api.github.com/users/JamesVanWaza/gists{/gist_id}","starred_url":"https://api.github.com/users/JamesVanWaza/starred{/owner}{/repo}","subscriptions_url":"https://api.github.com/users/JamesVanWaza/subscriptions","organizations_url":"https://api.github.com/users/JamesVanWaza/orgs","repos_url":"https://api.github.com/users/JamesVanWaza/repos","events_url":"https://api.github.com/users/JamesVanWaza/events{/privacy}","received_events_url":"https://api.github.com/users/JamesVanWaza/received_events","type":"User","site_admin":false,"name":null,"company":null,"blog":"","location":"Washington DC, Rockville MD","email":null,"hireable":true,"bio":null,"twitter_username":null,"public_repos":31,"public_gists":34,"followers":7,"following":7,"created_at":"2013-03-28T21:01:48Z","updated_at":"2023-04-20T22:24:47Z","private_gists":13,"total_private_repos":24,"owned_private_repos":24,"disk_usage":1146236,"collaborators":0,"two_factor_authentication":true,"plan":{"name":"free","space":976562499,"collaborators":0,"private_repos":10000}}
[info] 
[info] ✔  Success! Logged into GitHub as JamesVanWaza 
[info] 
